<?xml version="1.0" encoding="UTF-8"?>
<testsuite xmlns:xsi="http://www.w3.org/2001/XMLSchema-instance" xsi:noNamespaceSchemaLocation="https://maven.apache.org/surefire/maven-surefire-plugin/xsd/surefire-test-report-3.0.xsd" version="3.0" name="com.fidelidad.servicio.ClienteServiceTest" time="0.079" tests="11" errors="0" skipped="0" failures="0">
  <properties>
    <property name="java.specification.version" value="17"/>
    <property name="sun.cpu.isalist" value="amd64"/>
    <property name="sun.jnu.encoding" value="Cp1252"/>
    <property name="java.class.path" value="C:\Users\RIO\Tarea3_INF331\tarjeta-fidelidad\target\test-classes;C:\Users\RIO\Tarea3_INF331\tarjeta-fidelidad\target\classes;C:\Users\RIO\.m2\repository\org\junit\jupiter\junit-jupiter\5.10.0\junit-jupiter-5.10.0.jar;C:\Users\RIO\.m2\repository\org\junit\jupiter\junit-jupiter-api\5.10.0\junit-jupiter-api-5.10.0.jar;C:\Users\RIO\.m2\repository\org\opentest4j\opentest4j\1.3.0\opentest4j-1.3.0.jar;C:\Users\RIO\.m2\repository\org\junit\platform\junit-platform-commons\1.10.0\junit-platform-commons-1.10.0.jar;C:\Users\RIO\.m2\repository\org\apiguardian\apiguardian-api\1.1.2\apiguardian-api-1.1.2.jar;C:\Users\RIO\.m2\repository\org\junit\jupiter\junit-jupiter-params\5.10.0\junit-jupiter-params-5.10.0.jar;C:\Users\RIO\.m2\repository\org\junit\jupiter\junit-jupiter-engine\5.10.0\junit-jupiter-engine-5.10.0.jar;C:\Users\RIO\.m2\repository\org\junit\platform\junit-platform-engine\1.10.0\junit-platform-engine-1.10.0.jar;C:\Users\RIO\.m2\repository\org\xerial\sqlite-jdbc\3.45.2.0\sqlite-jdbc-3.45.2.0.jar;C:\Users\RIO\.m2\repository\org\slf4j\slf4j-api\1.7.36\slf4j-api-1.7.36.jar;"/>
    <property name="java.vm.vendor" value="Eclipse Adoptium"/>
    <property name="sun.arch.data.model" value="64"/>
    <property name="user.variant" value=""/>
    <property name="java.vendor.url" value="https://adoptium.net/"/>
    <property name="user.timezone" value="America/Santiago"/>
    <property name="os.name" value="Windows 11"/>
    <property name="java.vm.specification.version" value="17"/>
    <property name="sun.java.launcher" value="SUN_STANDARD"/>
    <property name="user.country" value="CL"/>
    <property name="sun.boot.library.path" value="C:\Program Files\Eclipse Adoptium\jdk-17.0.14.7-hotspot\bin"/>
    <property name="sun.java.command" value="C:\Users\RIO\AppData\Local\Temp\surefire12125907142559708636\surefirebooter-20250704003854079_3.jar C:\Users\RIO\AppData\Local\Temp\surefire12125907142559708636 2025-07-04T00-38-53_904-jvmRun1 surefire-20250704003854079_1tmp surefire_0-20250704003854079_2tmp"/>
    <property name="jdk.debug" value="release"/>
    <property name="surefire.test.class.path" value="C:\Users\RIO\Tarea3_INF331\tarjeta-fidelidad\target\test-classes;C:\Users\RIO\Tarea3_INF331\tarjeta-fidelidad\target\classes;C:\Users\RIO\.m2\repository\org\junit\jupiter\junit-jupiter\5.10.0\junit-jupiter-5.10.0.jar;C:\Users\RIO\.m2\repository\org\junit\jupiter\junit-jupiter-api\5.10.0\junit-jupiter-api-5.10.0.jar;C:\Users\RIO\.m2\repository\org\opentest4j\opentest4j\1.3.0\opentest4j-1.3.0.jar;C:\Users\RIO\.m2\repository\org\junit\platform\junit-platform-commons\1.10.0\junit-platform-commons-1.10.0.jar;C:\Users\RIO\.m2\repository\org\apiguardian\apiguardian-api\1.1.2\apiguardian-api-1.1.2.jar;C:\Users\RIO\.m2\repository\org\junit\jupiter\junit-jupiter-params\5.10.0\junit-jupiter-params-5.10.0.jar;C:\Users\RIO\.m2\repository\org\junit\jupiter\junit-jupiter-engine\5.10.0\junit-jupiter-engine-5.10.0.jar;C:\Users\RIO\.m2\repository\org\junit\platform\junit-platform-engine\1.10.0\junit-platform-engine-1.10.0.jar;C:\Users\RIO\.m2\repository\org\xerial\sqlite-jdbc\3.45.2.0\sqlite-jdbc-3.45.2.0.jar;C:\Users\RIO\.m2\repository\org\slf4j\slf4j-api\1.7.36\slf4j-api-1.7.36.jar;"/>
    <property name="sun.cpu.endian" value="little"/>
    <property name="user.home" value="C:\Users\RIO"/>
    <property name="user.language" value="es"/>
    <property name="java.specification.vendor" value="Oracle Corporation"/>
    <property name="java.version.date" value="2025-01-21"/>
    <property name="java.home" value="C:\Program Files\Eclipse Adoptium\jdk-17.0.14.7-hotspot"/>
    <property name="file.separator" value="\"/>
    <property name="basedir" value="C:\Users\RIO\Tarea3_INF331\tarjeta-fidelidad"/>
    <property name="java.vm.compressedOopsMode" value="Zero based"/>
    <property name="line.separator" value="&#10;"/>
    <property name="java.vm.specification.vendor" value="Oracle Corporation"/>
    <property name="java.specification.name" value="Java Platform API Specification"/>
    <property name="surefire.real.class.path" value="C:\Users\RIO\AppData\Local\Temp\surefire12125907142559708636\surefirebooter-20250704003854079_3.jar"/>
    <property name="user.script" value=""/>
    <property name="sun.management.compiler" value="HotSpot 64-Bit Tiered Compilers"/>
    <property name="java.runtime.version" value="17.0.14+7"/>
    <property name="user.name" value="RIO"/>
    <property name="path.separator" value=";"/>
    <property name="os.version" value="10.0"/>
    <property name="java.runtime.name" value="OpenJDK Runtime Environment"/>
    <property name="file.encoding" value="Cp1252"/>
    <property name="java.vm.name" value="OpenJDK 64-Bit Server VM"/>
    <property name="java.vendor.version" value="Temurin-17.0.14+7"/>
    <property name="localRepository" value="C:\Users\RIO\.m2\repository"/>
    <property name="java.vendor.url.bug" value="https://github.com/adoptium/adoptium-support/issues"/>
    <property name="java.io.tmpdir" value="C:\Users\RIO\AppData\Local\Temp\"/>
    <property name="java.version" value="17.0.14"/>
    <property name="user.dir" value="C:\Users\RIO\Tarea3_INF331\tarjeta-fidelidad"/>
    <property name="os.arch" value="amd64"/>
    <property name="java.vm.specification.name" value="Java Virtual Machine Specification"/>
    <property name="sun.os.patch.level" value=""/>
    <property name="native.encoding" value="Cp1252"/>
    <property name="java.library.path" value="C:\Program Files\Eclipse Adoptium\jdk-17.0.14.7-hotspot\bin;C:\Windows\Sun\Java\bin;C:\Windows\system32;C:\Windows;C:\Program Files\Eclipse Adoptium\jdk-17.0.14.7-hotspot\bin;C:\Windows\system32;C:\Windows;C:\Windows\System32\Wbem;C:\Windows\System32\WindowsPowerShell\v1.0\;C:\Windows\System32\OpenSSH\;C:\Program Files\Git\cmd;C:\Program Files\Go\bin;C:\Program Files\nodejs\;C:\ProgramData\chocolatey\bin;C:\Program Files\Docker\Docker\resources\bin;C:\Users\RIO\AppData\Local\Programs\Python\Python311;C:\Users\RIO\AppData\Local\Programs\Python\Python311\Scripts;C:\Users\RIO\AppData\Local\Programs\Microsoft VS Code\bin;C:\Program Files\Eclipse Adoptium\jdk-17.0.14.7-hotspot\bin;C:\Program Files\Maven\apache-maven-3.9.9\bin;C:\Users\RIO\go\bin;C:\Users\RIO\AppData\Roaming\npm;C:\Users\RIO\Documents\protoc-31.0-win64\bin;;c:\Users\RIO\AppData\Roaming\Code\User\globalStorage\github.copilot-chat\debugCommand;."/>
    <property name="java.vm.info" value="mixed mode, sharing"/>
    <property name="java.vendor" value="Eclipse Adoptium"/>
    <property name="java.vm.version" value="17.0.14+7"/>
    <property name="java.specification.maintenance.version" value="1"/>
    <property name="sun.io.unicode.encoding" value="UnicodeLittle"/>
    <property name="java.class.version" value="61.0"/>
  </properties>
  <testcase name="buscarCliente_inexistente_debeRetornarNull" classname="com.fidelidad.servicio.ClienteServiceTest" time="0.036"/>
  <testcase name="actualizarCliente_existente_debeActualizar" classname="com.fidelidad.servicio.ClienteServiceTest" time="0.003">
    <system-out><![CDATA[Cliente agregado correctamente.
Cliente actualizado.
]]></system-out>
  </testcase>
  <testcase name="agregarCliente_idRepetido_debeFallar" classname="com.fidelidad.servicio.ClienteServiceTest" time="0.001">
    <system-out><![CDATA[Cliente agregado correctamente.
Ya existe un cliente con ese ID.
]]></system-out>
  </testcase>
  <testcase name="agregarCliente_nombreVacio_debeFallar" classname="com.fidelidad.servicio.ClienteServiceTest" time="0.001">
    <system-out><![CDATA[El nombre no puede estar vacío.
]]></system-out>
  </testcase>
  <testcase name="listarClientes_debeRetornarTodosLosClientes" classname="com.fidelidad.servicio.ClienteServiceTest" time="0.001">
    <system-out><![CDATA[Cliente agregado correctamente.
Cliente agregado correctamente.
]]></system-out>
  </testcase>
  <testcase name="eliminarCliente_existente_debeEliminar" classname="com.fidelidad.servicio.ClienteServiceTest" time="0.0">
    <system-out><![CDATA[Cliente agregado correctamente.
Cliente eliminado correctamente.
]]></system-out>
  </testcase>
  <testcase name="agregarCliente_correoInvalido_debeFallar" classname="com.fidelidad.servicio.ClienteServiceTest" time="0.001">
    <system-out><![CDATA[Correo inválido.
]]></system-out>
  </testcase>
  <testcase name="actualizarCliente_inexistente_debeFallar" classname="com.fidelidad.servicio.ClienteServiceTest" time="0.001">
    <system-out><![CDATA[Cliente no encontrado.
]]></system-out>
  </testcase>
  <testcase name="eliminarCliente_inexistente_debeFallar" classname="com.fidelidad.servicio.ClienteServiceTest" time="0.0">
    <system-out><![CDATA[Cliente no encontrado.
]]></system-out>
  </testcase>
  <testcase name="buscarCliente_existente_debeRetornarCliente" classname="com.fidelidad.servicio.ClienteServiceTest" time="0.004">
    <system-out><![CDATA[Cliente agregado correctamente.
]]></system-out>
  </testcase>
  <testcase name="agregarCliente_valido_debeAgregarCorrectamente" classname="com.fidelidad.servicio.ClienteServiceTest" time="0.001">
    <system-out><![CDATA[Cliente agregado correctamente.
]]></system-out>
  </testcase>
</testsuite>